<?xml version="1.0" encoding="UTF-8"?>
<!-- Generated by org.testng.reporters.JUnitReportReporter -->
<testsuite hostname="TML-CT-SATISH" failures="0" tests="2" name="qaclickacademy.RESTAPITest" time="0.006" errors="0" timestamp="12 May 2021 15:58:10 GMT" skipped="0">
  <testcase classname="qaclickacademy.RESTAPITest" name="deleteTwitter" time="0.002"/>
  <testcase classname="qaclickacademy.RESTAPITest" name="postJira" time="0.004"/>
</testsuite> <!-- qaclickacademy.RESTAPITest -->
