<?xml version="1.0" encoding="UTF-8"?>
<!-- Generated by org.testng.reporters.JUnitReportReporter -->
<testsuite hostname="TML-CT-SATISH" failures="0" tests="2" name="qaclickacademy.AppiumTest" time="0.003" errors="0" timestamp="12 May 2021 15:58:10 GMT" skipped="0">
  <testcase classname="qaclickacademy.AppiumTest" name="NativeAPpAndroid" time="0.001"/>
  <testcase classname="qaclickacademy.AppiumTest" name="IOSApps" time="0.002"/>
</testsuite> <!-- qaclickacademy.AppiumTest -->
