<?xml version="1.0" encoding="UTF-8"?>
<!-- Generated by org.testng.reporters.JUnitReportReporter -->
<testsuite hostname="TML-CT-SATISH" failures="0" tests="2" name="qaclickacademy.RESTAPITest" time="0.000" errors="0" timestamp="12 May 2021 15:58:44 GMT" skipped="0">
  <testcase classname="qaclickacademy.RESTAPITest" name="deleteTwitter" time="0.000"/>
  <testcase classname="qaclickacademy.RESTAPITest" name="postJira" time="0.000"/>
</testsuite> <!-- qaclickacademy.RESTAPITest -->
